# JRE version: Java(TM) SE Runtime Environment (17.0.20.1+1) (build 17.0.20.1+1-LTS-4)
# Java VM: Java HotSpot(TM) 64-Bit Server VM (17.0.20.1+1-LTS-4, mixed mode, emulated-client, sharing, tiered, compressed oops, compressed class ptrs, g1 gc, windows-amd64)
GC Precious Log:
 CPUs: 12 total, 12 available
 Memory: 7835M
 Large Page Support: Disabled
 NUMA Support: Disabled
 Compressed Oops: Enabled (32-bit)
 Heap Region Size: 1M
 Heap Min Capacity: 8M
 Heap Initial Capacity: 124M
 Heap Max Capacity: 1960M
 Pre-touch: Disabled
 Parallel Workers: 10
 Concurrent Workers: 3
 Concurrent Refinement Workers: 10
 Periodic GC: Disabled
Heap:
 garbage-first heap   total 86016K, used 19158K [0x0000000085800000, 0x0000000100000000)
  region size 1024K, 2 young (2048K), 2 survivors (2048K)
 Metaspace       used 31490K, committed 32064K, reserved 1114112K
  class space    used 4481K, committed 4736K, reserved 1048576K
GC Heap History (15 events):
Event: 0.714 GC heap before
{Heap before GC invocations=0 (full 0):
 garbage-first heap   total 126976K, used 24576K [0x0000000085800000, 0x0000000100000000)
  region size 1024K, 23 young (23552K), 0 survivors (0K)
 Metaspace       used 7711K, committed 8000K, reserved 1114112K
  class space    used 987K, committed 1152K, reserved 1048576K
}
Event: 0.720 GC heap after
{Heap after GC invocations=1 (full 0):
 garbage-first heap   total 126976K, used 7768K [0x0000000085800000, 0x0000000100000000)
  region size 1024K, 3 young (3072K), 3 survivors (3072K)
 Metaspace       used 7711K, committed 8000K, reserved 1114112K
  class space    used 987K, committed 1152K, reserved 1048576K
}
Event: 1.243 GC heap before
{Heap before GC invocations=1 (full 0):
 garbage-first heap   total 126976K, used 31320K [0x0000000085800000, 0x0000000100000000)
  region size 1024K, 27 young (27648K), 3 survivors (3072K)
 Metaspace       used 12768K, committed 13120K, reserved 1114112K
  class space    used 1772K, committed 1920K, reserved 1048576K
}
Event: 1.247 GC heap after
{Heap after GC invocations=2 (full 0):
 garbage-first heap   total 126976K, used 10045K [0x0000000085800000, 0x0000000100000000)
  region size 1024K, 2 young (2048K), 2 survivors (2048K)
 Metaspace       used 12768K, committed 13120K, reserved 1114112K
  class space    used 1772K, committed 1920K, reserved 1048576K
}
Event: 1.661 GC heap before
{Heap before GC invocations=2 (full 0):
 garbage-first heap   total 126976K, used 47933K [0x0000000085800000, 0x0000000100000000)
  region size 1024K, 41 young (41984K), 2 survivors (2048K)
 Metaspace       used 21062K, committed 21504K, reserved 1114112K
  class space    used 2855K, committed 3072K, reserved 1048576K
}
Event: 1.667 GC heap after
{Heap after GC invocations=3 (full 0):
 garbage-first heap   total 126976K, used 12870K [0x0000000085800000, 0x0000000100000000)
  region size 1024K, 5 young (5120K), 5 survivors (5120K)
 Metaspace       used 21062K, committed 21504K, reserved 1114112K
  class space    used 2855K, committed 3072K, reserved 1048576K
}
Event: 1.969 GC heap before
{Heap before GC invocations=4 (full 0):
 garbage-first heap   total 48128K, used 36422K [0x0000000085800000, 0x0000000100000000)
  region size 1024K, 29 young (29696K), 5 survivors (5120K)
 Metaspace       used 23531K, committed 23936K, reserved 1114112K
  class space    used 3304K, committed 3520K, reserved 1048576K
}
Event: 1.975 GC heap after
{Heap after GC invocations=5 (full 0):
 garbage-first heap   total 48128K, used 14681K [0x0000000085800000, 0x0000000100000000)
  region size 1024K, 7 young (7168K), 7 survivors (7168K)
 Metaspace       used 23531K, committed 23936K, reserved 1114112K
  class space    used 3304K, committed 3520K, reserved 1048576K
}
Event: 1.995 GC heap before
{Heap before GC invocations=5 (full 0):
 garbage-first heap   total 48128K, used 15705K [0x0000000085800000, 0x0000000100000000)
  region size 1024K, 8 young (8192K), 7 survivors (7168K)
 Metaspace       used 23633K, committed 24064K, reserved 1114112K
  class space    used 3317K, committed 3520K, reserved 1048576K
}
Event: 2.003 GC heap after
{Heap after GC invocations=6 (full 0):
 garbage-first heap   total 48128K, used 14799K [0x0000000085800000, 0x0000000100000000)
  region size 1024K, 1 young (1024K), 1 survivors (1024K)
 Metaspace       used 23633K, committed 24064K, reserved 1114112K
  class space    used 3317K, committed 3520K, reserved 1048576K
}
Event: 2.372 GC heap before
{Heap before GC invocations=6 (full 0):
 garbage-first heap   total 48128K, used 33231K [0x0000000085800000, 0x0000000100000000)
  region size 1024K, 19 young (19456K), 1 survivors (1024K)
 Metaspace       used 26212K, committed 26624K, reserved 1114112K
  class space    used 3705K, committed 3904K, reserved 1048576K
}
Event: 2.376 GC heap after
{Heap after GC invocations=7 (full 0):
 garbage-first heap   total 48128K, used 15383K [0x0000000085800000, 0x0000000100000000)
  region size 1024K, 2 young (2048K), 2 survivors (2048K)
 Metaspace       used 26212K, committed 26624K, reserved 1114112K
  class space    used 3705K, committed 3904K, reserved 1048576K
}
Event: 2.616 GC heap before
{Heap before GC invocations=7 (full 0):
 garbage-first heap   total 48128K, used 33815K [0x0000000085800000, 0x0000000100000000)
  region size 1024K, 20 young (20480K), 2 survivors (2048K)
 Metaspace       used 28482K, committed 28928K, reserved 1114112K
  class space    used 4064K, committed 4288K, reserved 1048576K
}
Event: 2.622 GC heap after
{Heap after GC invocations=8 (full 0):
 garbage-first heap   total 48128K, used 17408K [0x0000000085800000, 0x0000000100000000)
  region size 1024K, 3 young (3072K), 3 survivors (3072K)
 Metaspace       used 28482K, committed 28928K, reserved 1114112K
  class space    used 4064K, committed 4288K, reserved 1048576K
}
Event: 3.073 GC heap before
{Heap before GC invocations=8 (full 0):
 garbage-first heap   total 48128K, used 33792K [0x0000000085800000, 0x0000000100000000)
  region size 1024K, 20 young (20480K), 3 survivors (3072K)
 Metaspace       used 31490K, committed 32064K, reserved 1114112K
  class space    used 4481K, committed 4736K, reserved 1048576K
}

